<?xml version="1.0" encoding="UTF-8"?>
<!-- Generated by org.testng.reporters.JUnitReportReporter -->
<testsuite hostname="Ankush" failures="0" tests="2" name="myntratestng.myntratest" time="44.925" errors="0" timestamp="2022-05-19T19:35:27 IST" skipped="0">
  <testcase classname="myntratestng.myntratest" name="add_to_bag" time="25.887"/>
  <system-out/>
  <testcase classname="myntratestng.myntratest" name="Checking_item" time="19.038"/>
  <system-out/>
</testsuite> <!-- myntratestng.myntratest -->
